<?xml version="1.0" encoding="UTF-8"?>
<testng-results skipped="0" failed="0" ignored="0" total="1" passed="1">
  <reporter-output>
  </reporter-output>
  <suite name="testng.NewTest" duration-ms="7911" started-at="2018-04-25T16:09:17Z" finished-at="2018-04-25T16:09:25Z">
    <groups>
    </groups>
    <test name="Command line test" duration-ms="7911" started-at="2018-04-25T16:09:17Z" finished-at="2018-04-25T16:09:25Z">
      <class name="testng.NewTest">
        <test-method status="PASS" signature="beforeTest()[pri:0, instance:testng.NewTest@7a5d012c]" name="beforeTest" is-config="true" duration-ms="3495" started-at="2018-04-25T16:09:17Z" finished-at="2018-04-25T16:09:20Z">
          <reporter-output>
          </reporter-output>
        </test-method> <!-- beforeTest -->
        <test-method status="PASS" signature="testEasy()[pri:0, instance:testng.NewTest@7a5d012c]" name="testEasy" duration-ms="4383" started-at="2018-04-25T16:09:20Z" finished-at="2018-04-25T16:09:25Z">
          <reporter-output>
          </reporter-output>
        </test-method> <!-- testEasy -->
        <test-method status="PASS" signature="afterTest()[pri:0, instance:testng.NewTest@7a5d012c]" name="afterTest" is-config="true" duration-ms="0" started-at="2018-04-25T16:09:25Z" finished-at="2018-04-25T16:09:25Z">
          <reporter-output>
          </reporter-output>
        </test-method> <!-- afterTest -->
      </class> <!-- testng.NewTest -->
    </test> <!-- Command line test -->
  </suite> <!-- testng.NewTest -->
</testng-results>
